{"numTotalTestSuites":6,"numPassedTestSuites":3,"numFailedTestSuites":3,"numPendingTestSuites":0,"numTotalTests":19,"numPassedTests":18,"numFailedTests":1,"numPendingTests":0,"numTodoTests":0,"snapshot":{"added":0,"failure":false,"filesAdded":0,"filesRemoved":0,"filesRemovedList":[],"filesUnmatched":0,"filesUpdated":0,"matched":0,"total":0,"unchecked":0,"uncheckedKeysByFile":[],"unmatched":0,"updated":0,"didUpdate":false},"startTime":1773174061289,"success":false,"testResults":[{"assertionResults":[{"ancestorTitles":["Ingredient API","GET /api/v1/ingredients"],"fullName":"Ingredient API GET /api/v1/ingredients should list all ingredients with pagination","status":"passed","title":"should list all ingredients with pagination","duration":347.3489999999997,"failureMessages":[],"meta":{}},{"ancestorTitles":["Ingredient API","GET /api/v1/ingredients"],"fullName":"Ingredient API GET /api/v1/ingredients should filter by category","status":"passed","title":"should filter by category","duration":271.35660000000007,"failureMessages":[],"meta":{}},{"ancestorTitles":["Ingredient API","GET /api/v1/ingredients"],"fullName":"Ingredient API GET /api/v1/ingredients should respect page and limit params","status":"passed","title":"should respect page and limit params","duration":263.96939999999995,"failureMessages":[],"meta":{}},{"ancestorTitles":["Ingredient API","GET /api/v1/ingredients"],"fullName":"Ingredient API GET /api/v1/ingredients should return ingredients sorted by name","status":"passed","title":"should return ingredients sorted by name","duration":257.74720000000025,"failureMessages":[],"meta":{}},{"ancestorTitles":["Ingredient API","GET /api/v1/ingredients/:id"],"fullName":"Ingredient API GET /api/v1/ingredients/:id should retrieve ingredient with nutrition, density, and aliases","status":"passed","title":"should retrieve ingredient with nutrition, density, and aliases","duration":291.64959999999974,"failureMessages":[],"meta":{}},{"ancestorTitles":["Ingredient API","GET /api/v1/ingredients/:id"],"fullName":"Ingredient API GET /api/v1/ingredients/:id should return 404 for non-existent ingredient","status":"passed","title":"should return 404 for non-existent ingredient","duration":283.11979999999994,"failureMessages":[],"meta":{}},{"ancestorTitles":["Ingredient API","GET /api/v1/ingredients/:id"],"fullName":"Ingredient API GET /api/v1/ingredients/:id should return 400 for invalid UUID","status":"passed","title":"should return 400 for invalid UUID","duration":261.9424999999992,"failureMessages":[],"meta":{}},{"ancestorTitles":["Ingredient API","POST /api/v1/ingredients"],"fullName":"Ingredient API POST /api/v1/ingredients should create a custom ingredient","status":"failed","title":"should create a custom ingredient","duration":282.9405000000006,"failureMessages":["AssertionError: expected '{\"energy_kcal\":321,\"protein_g\":14.6,\"…' to be 1.1 // Object.is equality\n    at C:\\Users\\shreyasmadhan\\AppProjects\\AiBakeRehash\\backend\\tests\\integration\\ingredient.test.ts:402:54\n    at processTicksAndRejections (node:internal/process/task_queues:103:5)\n    at file:///C:/Users/shreyasmadhan/AppProjects/AiBakeRehash/backend/node_modules/@vitest/runner/dist/index.js:533:5\n    at runTest (file:///C:/Users/shreyasmadhan/AppProjects/AiBakeRehash/backend/node_modules/@vitest/runner/dist/index.js:1056:11)\n    at runSuite (file:///C:/Users/shreyasmadhan/AppProjects/AiBakeRehash/backend/node_modules/@vitest/runner/dist/index.js:1205:15)\n    at runSuite (file:///C:/Users/shreyasmadhan/AppProjects/AiBakeRehash/backend/node_modules/@vitest/runner/dist/index.js:1205:15)\n    at runSuite (file:///C:/Users/shreyasmadhan/AppProjects/AiBakeRehash/backend/node_modules/@vitest/runner/dist/index.js:1205:15)\n    at runFiles (file:///C:/Users/shreyasmadhan/AppProjects/AiBakeRehash/backend/node_modules/@vitest/runner/dist/index.js:1262:5)\n    at startTests (file:///C:/Users/shreyasmadhan/AppProjects/AiBakeRehash/backend/node_modules/@vitest/runner/dist/index.js:1271:3)\n    at file:///C:/Users/shreyasmadhan/AppProjects/AiBakeRehash/backend/node_modules/vitest/dist/chunks/runBaseTests.3qpJUEJM.js:126:11\n    at withEnv (file:///C:/Users/shreyasmadhan/AppProjects/AiBakeRehash/backend/node_modules/vitest/dist/chunks/runBaseTests.3qpJUEJM.js:90:5)\n    at run (file:///C:/Users/shreyasmadhan/AppProjects/AiBakeRehash/backend/node_modules/vitest/dist/chunks/runBaseTests.3qpJUEJM.js:112:3)\n    at runBaseTests (file:///C:/Users/shreyasmadhan/AppProjects/AiBakeRehash/backend/node_modules/vitest/dist/chunks/base.BZZh4cSm.js:29:3)\n    at ForksBaseWorker.executeTests (file:///C:/Users/shreyasmadhan/AppProjects/AiBakeRehash/backend/node_modules/vitest/dist/workers/forks.js:27:7)\n    at execute (file:///C:/Users/shreyasmadhan/AppProjects/AiBakeRehash/backend/node_modules/vitest/dist/worker.js:127:5)\n    at onMessage (file:///C:/Users/shreyasmadhan/AppProjects/AiBakeRehash/backend/node_modules/tinypool/dist/entry/process.js:39:18)"],"meta":{}},{"ancestorTitles":["Ingredient API","POST /api/v1/ingredients"],"fullName":"Ingredient API POST /api/v1/ingredients should create ingredient without optional fields","status":"passed","title":"should create ingredient without optional fields","duration":267.65259999999944,"failureMessages":[],"meta":{}},{"ancestorTitles":["Ingredient API","POST /api/v1/ingredients"],"fullName":"Ingredient API POST /api/v1/ingredients should reject unauthenticated request","status":"passed","title":"should reject unauthenticated request","duration":4.330199999999422,"failureMessages":[],"meta":{}},{"ancestorTitles":["Ingredient API","POST /api/v1/ingredients"],"fullName":"Ingredient API POST /api/v1/ingredients should reject missing name","status":"passed","title":"should reject missing name","duration":259.34729999999945,"failureMessages":[],"meta":{}},{"ancestorTitles":["Ingredient API","POST /api/v1/ingredients"],"fullName":"Ingredient API POST /api/v1/ingredients should reject invalid category","status":"passed","title":"should reject invalid category","duration":255.14889999999923,"failureMessages":[],"meta":{}},{"ancestorTitles":["Ingredient API","GET /api/v1/ingredients/search"],"fullName":"Ingredient API GET /api/v1/ingredients/search should find ingredients by canonical name","status":"passed","title":"should find ingredients by canonical name","duration":269.40900000000056,"failureMessages":[],"meta":{}},{"ancestorTitles":["Ingredient API","GET /api/v1/ingredients/search"],"fullName":"Ingredient API GET /api/v1/ingredients/search should find ingredients by alias (regional name)","status":"passed","title":"should find ingredients by alias (regional name)","duration":254.5047999999997,"failureMessages":[],"meta":{}},{"ancestorTitles":["Ingredient API","GET /api/v1/ingredients/search"],"fullName":"Ingredient API GET /api/v1/ingredients/search should return results with similarity scores","status":"passed","title":"should return results with similarity scores","duration":253.5088999999998,"failureMessages":[],"meta":{}},{"ancestorTitles":["Ingredient API","GET /api/v1/ingredients/search"],"fullName":"Ingredient API GET /api/v1/ingredients/search should rank results by similarity (highest first)","status":"passed","title":"should rank results by similarity (highest first)","duration":251.5711999999994,"failureMessages":[],"meta":{}},{"ancestorTitles":["Ingredient API","GET /api/v1/ingredients/search"],"fullName":"Ingredient API GET /api/v1/ingredients/search should indicate alias matches vs canonical matches","status":"passed","title":"should indicate alias matches vs canonical matches","duration":257.4495999999999,"failureMessages":[],"meta":{}},{"ancestorTitles":["Ingredient API","GET /api/v1/ingredients/search"],"fullName":"Ingredient API GET /api/v1/ingredients/search should reject missing query parameter","status":"passed","title":"should reject missing query parameter","duration":248.84569999999985,"failureMessages":[],"meta":{}},{"ancestorTitles":["Ingredient API","GET /api/v1/ingredients/search"],"fullName":"Ingredient API GET /api/v1/ingredients/search should return empty array for no matches","status":"passed","title":"should return empty array for no matches","duration":259.03679999999986,"failureMessages":[],"meta":{}}],"startTime":1773174063908,"endTime":1773174068750.0369,"status":"failed","message":"","name":"C:/Users/shreyasmadhan/AppProjects/AiBakeRehash/backend/tests/integration/ingredient.test.ts"}]}